   1               		.file	"atmega_slave.c"
   2               	__SREG__ = 0x3f
   3               	__SP_H__ = 0x3e
   4               	__SP_L__ = 0x3d
   5               	__CCP__ = 0x34
   6               	__tmp_reg__ = 0
   7               	__zero_reg__ = 1
  15               	.Ltext0:
  16               	.global	servo_ports_init
  18               	servo_ports_init:
  19               	.LFB0:
  20               	.LM1:
  21               	/* prologue: function */
  22               	/* frame size = 0 */
  23               	/* stack size = 0 */
  24               	.L__stack_usage = 0
  25               	.LM2:
  26 0000 81B3      		in r24,49-32
  27 0002 8F60      		ori r24,lo8(15)
  28 0004 81BB      		out 49-32,r24
  29               	.LM3:
  30 0006 82B3      		in r24,50-32
  31 0008 807F      		andi r24,lo8(-16)
  32 000a 82BB      		out 50-32,r24
  33               	/* epilogue start */
  34               	.LM4:
  35 000c 0895      		ret
  36               	.LFE0:
  38               	.global	motor_ports_init
  40               	motor_ports_init:
  41               	.LFB1:
  42               	.LM5:
  43               	/* prologue: function */
  44               	/* frame size = 0 */
  45               	/* stack size = 0 */
  46               	.L__stack_usage = 0
  47               	.LM6:
  48 000e 81B3      		in r24,49-32
  49 0010 806F      		ori r24,lo8(-16)
  50 0012 81BB      		out 49-32,r24
  51               	.LM7:
  52 0014 82B3      		in r24,50-32
  53 0016 8F70      		andi r24,lo8(15)
  54 0018 82BB      		out 50-32,r24
  55               	.LM8:
  56 001a 84B3      		in r24,52-32
  57 001c 8C63      		ori r24,lo8(60)
  58 001e 84BB      		out 52-32,r24
  59               	.LM9:
  60 0020 82B3      		in r24,50-32
  61 0022 837C      		andi r24,lo8(-61)
  62 0024 82BB      		out 50-32,r24
  63               	.LM10:
  64 0026 82B3      		in r24,50-32
  65 0028 8063      		ori r24,lo8(48)
  66 002a 82BB      		out 50-32,r24
  67 002c 82B3      		in r24,50-32
  68 002e 8F73      		andi r24,lo8(63)
  69 0030 82BB      		out 50-32,r24
  70               	.LM11:
  71 0032 85B3      		in r24,53-32
  72 0034 8C60      		ori r24,lo8(12)
  73 0036 85BB      		out 53-32,r24
  74 0038 85B3      		in r24,53-32
  75 003a 8F7C      		andi r24,lo8(-49)
  76 003c 85BB      		out 53-32,r24
  77               	/* epilogue start */
  78               	.LM12:
  79 003e 0895      		ret
  80               	.LFE1:
  82               	.global	ADC_init
  84               	ADC_init:
  85               	.LFB2:
  86               	.LM13:
  87               	/* prologue: function */
  88               	/* frame size = 0 */
  89               	/* stack size = 0 */
  90               	.L__stack_usage = 0
  91               	.LM14:
  92 0040 87B1      		in r24,39-32
  93 0042 806C      		ori r24,lo8(-64)
  94 0044 87B9      		out 39-32,r24
  95               	.LM15:
  96 0046 3D9A      		sbi 39-32,5
  97               	.LM16:
  98 0048 339A      		sbi 38-32,3
  99               	.LM17:
 100 004a 86B1      		in r24,38-32
 101 004c 8768      		ori r24,lo8(-121)
 102 004e 86B9      		out 38-32,r24
 103               	.LM18:
 104 0050 369A      		sbi 38-32,6
 105               	/* epilogue start */
 106               	.LM19:
 107 0052 0895      		ret
 108               	.LFE2:
 110               	.global	SPI_init
 112               	SPI_init:
 113               	.LFB3:
 114               	.LM20:
 115               	/* prologue: function */
 116               	/* frame size = 0 */
 117               	/* stack size = 0 */
 118               	.L__stack_usage = 0
 119               	.LM21:
 120 0054 BC9A      		sbi 55-32,4
 121               	.LM22:
 122 0056 8DB1      		in r24,45-32
 123 0058 806C      		ori r24,lo8(-64)
 124 005a 8DB9      		out 45-32,r24
 125               	/* epilogue start */
 126               	.LM23:
 127 005c 0895      		ret
 128               	.LFE3:
 130               	.global	Timer2_init
 132               	Timer2_init:
 133               	.LFB4:
 134               	.LM24:
 135               	/* prologue: function */
 136               	/* frame size = 0 */
 137               	/* stack size = 0 */
 138               	.L__stack_usage = 0
 139               	.LM25:
 140 005e 85B5      		in r24,69-32
 141 0060 8860      		ori r24,lo8(8)
 142 0062 85BD      		out 69-32,r24
 143               	.LM26:
 144 0064 85B5      		in r24,69-32
 145 0066 8660      		ori r24,lo8(6)
 146 0068 85BD      		out 69-32,r24
 147               	.LM27:
 148 006a 83E9      		ldi r24,lo8(-109)
 149 006c 83BD      		out 67-32,r24
 150               	.LM28:
 151 006e 89B7      		in r24,89-32
 152 0070 8068      		ori r24,lo8(-128)
 153 0072 89BF      		out 89-32,r24
 154               	/* epilogue start */
 155               	.LM29:
 156 0074 0895      		ret
 157               	.LFE4:
 159               	.global	Timer1_init
 161               	Timer1_init:
 162               	.LFB5:
 163               	.LM30:
 164               	/* prologue: function */
 165               	/* frame size = 0 */
 166               	/* stack size = 0 */
 167               	.L__stack_usage = 0
 168               	.LM31:
 169 0076 8EB5      		in r24,78-32
 170 0078 8860      		ori r24,lo8(8)
 171 007a 8EBD      		out 78-32,r24
 172               	.LM32:
 173 007c 89B7      		in r24,89-32
 174 007e 8061      		ori r24,lo8(16)
 175 0080 89BF      		out 89-32,r24
 176               	/* epilogue start */
 177               	.LM33:
 178 0082 0895      		ret
 179               	.LFE5:
 181               	.global	Timer0_init
 183               	Timer0_init:
 184               	.LFB6:
 185               	.LM34:
 186               	/* prologue: function */
 187               	/* frame size = 0 */
 188               	/* stack size = 0 */
 189               	.L__stack_usage = 0
 190               	.LM35:
 191 0084 83B7      		in r24,83-32
 192 0086 8160      		ori r24,lo8(1)
 193 0088 83BF      		out 83-32,r24
 194               	.LM36:
 195 008a 89B7      		in r24,89-32
 196 008c 8160      		ori r24,lo8(1)
 197 008e 89BF      		out 89-32,r24
 198               	/* epilogue start */
 199               	.LM37:
 200 0090 0895      		ret
 201               	.LFE6:
 203               	.global	Timer1_start
 205               	Timer1_start:
 206               	.LFB7:
 207               	.LM38:
 208               	/* prologue: function */
 209               	/* frame size = 0 */
 210               	/* stack size = 0 */
 211               	.L__stack_usage = 0
 212               	.LM39:
 213 0092 E091 0000 		lds r30,current_servo
 214 0096 F0E0      		ldi r31,lo8(0)
 215 0098 EE0F      		lsl r30
 216 009a FF1F      		rol r31
 217 009c E050      		subi r30,lo8(-(servo_pos_raw))
 218 009e F040      		sbci r31,hi8(-(servo_pos_raw))
 219 00a0 8081      		ld r24,Z
 220 00a2 9181      		ldd r25,Z+1
 221 00a4 9BBD      		out 74+1-32,r25
 222 00a6 8ABD      		out 74-32,r24
 223               	.LM40:
 224 00a8 8EB5      		in r24,78-32
 225 00aa 8160      		ori r24,lo8(1)
 226 00ac 8EBD      		out 78-32,r24
 227               	/* epilogue start */
 228               	.LM41:
 229 00ae 0895      		ret
 230               	.LFE7:
 232               	.global	Timer1_stop
 234               	Timer1_stop:
 235               	.LFB8:
 236               	.LM42:
 237               	/* prologue: function */
 238               	/* frame size = 0 */
 239               	/* stack size = 0 */
 240               	.L__stack_usage = 0
 241               	.LM43:
 242 00b0 8EB5      		in r24,78-32
 243 00b2 8E7F      		andi r24,lo8(-2)
 244 00b4 8EBD      		out 78-32,r24
 245               	.LM44:
 246 00b6 1DBC      		out 76+1-32,__zero_reg__
 247 00b8 1CBC      		out 76-32,__zero_reg__
 248               	.LM45:
 249 00ba 88B7      		in r24,88-32
 250 00bc 8F7E      		andi r24,lo8(-17)
 251 00be 88BF      		out 88-32,r24
 252               	.LM46:
 253 00c0 8091 0000 		lds r24,current_servo
 254 00c4 8430      		cpi r24,lo8(4)
 255 00c6 00F4      		brsh .L10
 256               	.LM47:
 257 00c8 8091 0000 		lds r24,current_servo
 258 00cc 8F5F      		subi r24,lo8(-(1))
 259 00ce 8093 0000 		sts current_servo,r24
 260 00d2 0895      		ret
 261               	.L10:
 262               	.LM48:
 263 00d4 1092 0000 		sts current_servo,__zero_reg__
 264 00d8 0895      		ret
 265               	.LFE8:
 267               	.global	__vector_10
 269               	__vector_10:
 270               	.LFB9:
 271               	.LM49:
 272 00da 1F92      		push __zero_reg__
 273 00dc 0F92      		push r0
 274 00de 0FB6      		in r0,__SREG__
 275 00e0 0F92      		push r0
 276 00e2 1124      		clr __zero_reg__
 277 00e4 8F93      		push r24
 278 00e6 EF93      		push r30
 279 00e8 FF93      		push r31
 280               	/* prologue: Signal */
 281               	/* frame size = 0 */
 282               	/* stack size = 6 */
 283               	.L__stack_usage = 6
 284               	.LM50:
 285 00ea E091 0000 		lds r30,j
 286 00ee F0E0      		ldi r31,lo8(0)
 287 00f0 8FB1      		in r24,47-32
 288 00f2 E050      		subi r30,lo8(-(btn_state))
 289 00f4 F040      		sbci r31,hi8(-(btn_state))
 290 00f6 8083      		st Z,r24
 291               	.LM51:
 292 00f8 8091 0000 		lds r24,j
 293 00fc 8530      		cpi r24,lo8(5)
 294 00fe 00F4      		brsh .L13
 295               	.LM52:
 296 0100 8091 0000 		lds r24,j
 297 0104 8F5F      		subi r24,lo8(-(1))
 298 0106 8093 0000 		sts j,r24
 299 010a 00C0      		rjmp .L14
 300               	.L13:
 301               	.LM53:
 302 010c 1092 0000 		sts j,__zero_reg__
 303               	.L14:
 304               	.LM54:
 305 0110 E091 0000 		lds r30,j
 306 0114 F0E0      		ldi r31,lo8(0)
 307 0116 E050      		subi r30,lo8(-(drive_state))
 308 0118 F040      		sbci r31,hi8(-(drive_state))
 309 011a 8081      		ld r24,Z
 310 011c 8FB9      		out 47-32,r24
 311               	/* epilogue start */
 312               	.LM55:
 313 011e FF91      		pop r31
 314 0120 EF91      		pop r30
 315 0122 8F91      		pop r24
 316 0124 0F90      		pop r0
 317 0126 0FBE      		out __SREG__,r0
 318 0128 0F90      		pop r0
 319 012a 1F90      		pop __zero_reg__
 320 012c 1895      		reti
 321               	.LFE9:
 323               	.global	__vector_14
 325               	__vector_14:
 326               	.LFB13:
 327               	.LM56:
 328 012e 1F92      		push __zero_reg__
 329 0130 0F92      		push r0
 330 0132 0FB6      		in r0,__SREG__
 331 0134 0F92      		push r0
 332 0136 1124      		clr __zero_reg__
 333 0138 8F93      		push r24
 334               	/* prologue: Signal */
 335               	/* frame size = 0 */
 336               	/* stack size = 4 */
 337               	.L__stack_usage = 4
 338               	.LM57:
 339 013a 85B1      		in r24,37-32
 340 013c 8093 0000 		sts drive_state+5,r24
 341 0140 8091 0000 		lds r24,drive_state+5
 342 0144 8093 0000 		sts servo_speed,r24
 343               	/* epilogue start */
 344               	.LM58:
 345 0148 8F91      		pop r24
 346 014a 0F90      		pop r0
 347 014c 0FBE      		out __SREG__,r0
 348 014e 0F90      		pop r0
 349 0150 1F90      		pop __zero_reg__
 350 0152 1895      		reti
 351               	.LFE13:
 353               	.global	toggle_servo_signal
 355               	toggle_servo_signal:
 356               	.LFB15:
 357               	.LM59:
 358               	.LVL0:
 359               	/* prologue: function */
 360               	/* frame size = 0 */
 361               	/* stack size = 0 */
 362               	.L__stack_usage = 0
 363               	.LM60:
 364 0154 8130      		cpi r24,lo8(1)
 365 0156 01F0      		breq .L19
 366 0158 8130      		cpi r24,lo8(1)
 367 015a 00F0      		brlo .L18
 368 015c 8230      		cpi r24,lo8(2)
 369 015e 01F0      		breq .L20
 370 0160 8330      		cpi r24,lo8(3)
 371 0162 01F4      		brne .L16
 372 0164 00C0      		rjmp .L23
 373               	.L18:
 374               	.LM61:
 375 0166 82B3      		in r24,50-32
 376               	.LVL1:
 377 0168 91E0      		ldi r25,lo8(1)
 378 016a 00C0      		rjmp .L22
 379               	.LVL2:
 380               	.L19:
 381               	.LM62:
 382 016c 82B3      		in r24,50-32
 383               	.LVL3:
 384 016e 92E0      		ldi r25,lo8(2)
 385 0170 00C0      		rjmp .L22
 386               	.LVL4:
 387               	.L20:
 388               	.LM63:
 389 0172 82B3      		in r24,50-32
 390               	.LVL5:
 391 0174 94E0      		ldi r25,lo8(4)
 392               	.L22:
 393 0176 8927      		eor r24,r25
 394 0178 82BB      		out 50-32,r24
 395               	.LM64:
 396 017a 0895      		ret
 397               	.LVL6:
 398               	.L23:
 399               	.LM65:
 400 017c 82B3      		in r24,50-32
 401               	.LVL7:
 402 017e 98E0      		ldi r25,lo8(8)
 403 0180 8927      		eor r24,r25
 404 0182 82BB      		out 50-32,r24
 405               	.L16:
 406 0184 0895      		ret
 407               	.LFE15:
 409               	.global	__vector_6
 411               	__vector_6:
 412               	.LFB11:
 413               	.LM66:
 414 0186 1F92      		push __zero_reg__
 415 0188 0F92      		push r0
 416 018a 0FB6      		in r0,__SREG__
 417 018c 0F92      		push r0
 418 018e 1124      		clr __zero_reg__
 419 0190 2F93      		push r18
 420 0192 3F93      		push r19
 421 0194 4F93      		push r20
 422 0196 5F93      		push r21
 423 0198 6F93      		push r22
 424 019a 7F93      		push r23
 425 019c 8F93      		push r24
 426 019e 9F93      		push r25
 427 01a0 AF93      		push r26
 428 01a2 BF93      		push r27
 429 01a4 EF93      		push r30
 430 01a6 FF93      		push r31
 431               	/* prologue: Signal */
 432               	/* frame size = 0 */
 433               	/* stack size = 15 */
 434               	.L__stack_usage = 15
 435               	.LM67:
 436 01a8 8091 0000 		lds r24,current_servo
 437 01ac 00D0      		rcall toggle_servo_signal
 438               	.LM68:
 439 01ae 00D0      		rcall Timer1_stop
 440               	/* epilogue start */
 441               	.LM69:
 442 01b0 FF91      		pop r31
 443 01b2 EF91      		pop r30
 444 01b4 BF91      		pop r27
 445 01b6 AF91      		pop r26
 446 01b8 9F91      		pop r25
 447 01ba 8F91      		pop r24
 448 01bc 7F91      		pop r23
 449 01be 6F91      		pop r22
 450 01c0 5F91      		pop r21
 451 01c2 4F91      		pop r20
 452 01c4 3F91      		pop r19
 453 01c6 2F91      		pop r18
 454 01c8 0F90      		pop r0
 455 01ca 0FBE      		out __SREG__,r0
 456 01cc 0F90      		pop r0
 457 01ce 1F90      		pop __zero_reg__
 458 01d0 1895      		reti
 459               	.LFE11:
 461               	.global	__vector_3
 463               	__vector_3:
 464               	.LFB10:
 465               	.LM70:
 466 01d2 1F92      		push __zero_reg__
 467 01d4 0F92      		push r0
 468 01d6 0FB6      		in r0,__SREG__
 469 01d8 0F92      		push r0
 470 01da 1124      		clr __zero_reg__
 471 01dc 2F93      		push r18
 472 01de 3F93      		push r19
 473 01e0 4F93      		push r20
 474 01e2 5F93      		push r21
 475 01e4 6F93      		push r22
 476 01e6 7F93      		push r23
 477 01e8 8F93      		push r24
 478 01ea 9F93      		push r25
 479 01ec AF93      		push r26
 480 01ee BF93      		push r27
 481 01f0 EF93      		push r30
 482 01f2 FF93      		push r31
 483               	/* prologue: Signal */
 484               	/* frame size = 0 */
 485               	/* stack size = 15 */
 486               	.L__stack_usage = 15
 487               	.LM71:
 488 01f4 8091 0000 		lds r24,current_servo
 489 01f8 00D0      		rcall toggle_servo_signal
 490               	.LM72:
 491 01fa 8091 0000 		lds r24,btn_get_flag
 492 01fe 8F5F      		subi r24,lo8(-(1))
 493 0200 8093 0000 		sts btn_get_flag,r24
 494               	.LM73:
 495 0204 00D0      		rcall Timer1_start
 496               	/* epilogue start */
 497               	.LM74:
 498 0206 FF91      		pop r31
 499 0208 EF91      		pop r30
 500 020a BF91      		pop r27
 501 020c AF91      		pop r26
 502 020e 9F91      		pop r25
 503 0210 8F91      		pop r24
 504 0212 7F91      		pop r23
 505 0214 6F91      		pop r22
 506 0216 5F91      		pop r21
 507 0218 4F91      		pop r20
 508 021a 3F91      		pop r19
 509 021c 2F91      		pop r18
 510 021e 0F90      		pop r0
 511 0220 0FBE      		out __SREG__,r0
 512 0222 0F90      		pop r0
 513 0224 1F90      		pop __zero_reg__
 514 0226 1895      		reti
 515               	.LFE10:
 517               	.global	servo_move
 519               	servo_move:
 520               	.LFB16:
 521               	.LM75:
 522               	.LVL8:
 523               	/* prologue: function */
 524               	/* frame size = 0 */
 525               	/* stack size = 0 */
 526               	.L__stack_usage = 0
 527               	.LM76:
 528 0228 6130      		cpi r22,lo8(1)
 529 022a 01F4      		brne .L27
 530               	.LM77:
 531 022c E82F      		mov r30,r24
 532 022e F0E0      		ldi r31,lo8(0)
 533 0230 EE0F      		lsl r30
 534 0232 FF1F      		rol r31
 535 0234 E050      		subi r30,lo8(-(servo_pos_raw))
 536 0236 F040      		sbci r31,hi8(-(servo_pos_raw))
 537 0238 8081      		ld r24,Z
 538 023a 9181      		ldd r25,Z+1
 539               	.LVL9:
 540 023c 2AE4      		ldi r18,hi8(19000)
 541 023e 8833      		cpi r24,lo8(19000)
 542 0240 9207      		cpc r25,r18
 543 0242 00F4      		brsh .L26
 544               	.LM78:
 545 0244 2081      		ld r18,Z
 546 0246 3181      		ldd r19,Z+1
 547 0248 8091 0000 		lds r24,servo_speed
 548 024c 90E0      		ldi r25,lo8(0)
 549 024e 815A      		subi r24,lo8(-(95))
 550 0250 9F4F      		sbci r25,hi8(-(95))
 551 0252 820F      		add r24,r18
 552 0254 931F      		adc r25,r19
 553 0256 9183      		std Z+1,r25
 554 0258 8083      		st Z,r24
 555 025a 0895      		ret
 556               	.LVL10:
 557               	.L27:
 558               	.LM79:
 559 025c 6623      		tst r22
 560 025e 01F4      		brne .L26
 561               	.LM80:
 562 0260 E82F      		mov r30,r24
 563 0262 F0E0      		ldi r31,lo8(0)
 564 0264 EE0F      		lsl r30
 565 0266 FF1F      		rol r31
 566 0268 E050      		subi r30,lo8(-(servo_pos_raw))
 567 026a F040      		sbci r31,hi8(-(servo_pos_raw))
 568 026c 8081      		ld r24,Z
 569 026e 9181      		ldd r25,Z+1
 570               	.LVL11:
 571 0270 24E1      		ldi r18,hi8(5201)
 572 0272 8135      		cpi r24,lo8(5201)
 573 0274 9207      		cpc r25,r18
 574 0276 00F0      		brlo .L26
 575               	.LM81:
 576 0278 2081      		ld r18,Z
 577 027a 3181      		ldd r19,Z+1
 578 027c 4091 0000 		lds r20,servo_speed
 579 0280 81EA      		ldi r24,lo8(-95)
 580 0282 9FEF      		ldi r25,hi8(-95)
 581 0284 841B      		sub r24,r20
 582 0286 9109      		sbc r25,__zero_reg__
 583 0288 820F      		add r24,r18
 584 028a 931F      		adc r25,r19
 585 028c 9183      		std Z+1,r25
 586 028e 8083      		st Z,r24
 587               	.L26:
 588 0290 0895      		ret
 589               	.LFE16:
 591               	.global	main
 593               	main:
 594               	.LFB14:
 595               	.LM82:
 596 0292 CF92      		push r12
 597 0294 DF92      		push r13
 598 0296 EF92      		push r14
 599 0298 FF92      		push r15
 600 029a 0F93      		push r16
 601 029c 1F93      		push r17
 602 029e CF93      		push r28
 603 02a0 DF93      		push r29
 604               	/* prologue: function */
 605               	/* frame size = 0 */
 606               	/* stack size = 8 */
 607               	.L__stack_usage = 8
 608               	.LM83:
 609 02a2 00D0      		rcall servo_ports_init
 610               	.LM84:
 611 02a4 00D0      		rcall motor_ports_init
 612               	.LM85:
 613 02a6 00D0      		rcall Timer2_init
 614               	.LM86:
 615 02a8 00D0      		rcall Timer1_init
 616               	.LM87:
 617 02aa 00D0      		rcall Timer0_init
 618               	.LM88:
 619 02ac 00D0      		rcall SPI_init
 620               	.LM89:
 621 02ae 00D0      		rcall ADC_init
 622               	.LM90:
 623               	/* #APP */
 624               	 ;  241 "atmega_slave.c" 1
 625 02b0 7894      		sei
 626               	 ;  0 "" 2
 627               	.LM91:
 628               	/* #NOAPP */
 629 02b2 C5E4      		ldi r28,lo8(69)
 630 02b4 D0E0      		ldi r29,hi8(69)
 631               	.LM92:
 632 02b6 04E6      		ldi r16,lo8(100)
 633 02b8 10E0      		ldi r17,hi8(100)
 634               	.LM93:
 635 02ba 65E0      		ldi r22,lo8(5)
 636 02bc F62E      		mov r15,r22
 637               	.LM94:
 638 02be 54E6      		ldi r21,lo8(100)
 639 02c0 E52E      		mov r14,r21
 640               	.LM95:
 641 02c2 4FE0      		ldi r20,lo8(15)
 642 02c4 D42E      		mov r13,r20
 643               	.LM96:
 644 02c6 3BE9      		ldi r19,lo8(-101)
 645 02c8 C32E      		mov r12,r19
 646               	.L44:
 647               	.LM97:
 648 02ca 8091 0000 		lds r24,btn_get_flag
 649 02ce 8430      		cpi r24,lo8(4)
 650 02d0 01F4      		brne .L44
 651               	.LM98:
 652 02d2 8091 0000 		lds r24,btn_state+4
 653 02d6 8130      		cpi r24,lo8(1)
 654 02d8 01F4      		brne .L31
 655               	.LM99:
 656 02da 80E0      		ldi r24,lo8(0)
 657 02dc 60E0      		ldi r22,lo8(0)
 658 02de 00D0      		rcall servo_move
 659               	.LM100:
 660 02e0 81E0      		ldi r24,lo8(1)
 661 02e2 61E0      		ldi r22,lo8(1)
 662 02e4 00C0      		rjmp .L45
 663               	.L31:
 664               	.LM101:
 665 02e6 8091 0000 		lds r24,btn_state+4
 666 02ea 8230      		cpi r24,lo8(2)
 667 02ec 01F4      		brne .L32
 668               	.LM102:
 669 02ee 80E0      		ldi r24,lo8(0)
 670 02f0 61E0      		ldi r22,lo8(1)
 671 02f2 00D0      		rcall servo_move
 672               	.LM103:
 673 02f4 81E0      		ldi r24,lo8(1)
 674 02f6 60E0      		ldi r22,lo8(0)
 675               	.L45:
 676 02f8 00D0      		rcall servo_move
 677               	.L32:
 678               	.LM104:
 679 02fa 8091 0000 		lds r24,btn_state+2
 680 02fe 8130      		cpi r24,lo8(1)
 681 0300 01F4      		brne .L33
 682               	.LM105:
 683 0302 82E0      		ldi r24,lo8(2)
 684 0304 60E0      		ldi r22,lo8(0)
 685 0306 00D0      		rcall servo_move
 686               	.LM106:
 687 0308 83E0      		ldi r24,lo8(3)
 688 030a 60E0      		ldi r22,lo8(0)
 689 030c 00C0      		rjmp .L46
 690               	.L33:
 691               	.LM107:
 692 030e 8091 0000 		lds r24,btn_state+2
 693 0312 8230      		cpi r24,lo8(2)
 694 0314 01F4      		brne .L34
 695               	.LM108:
 696 0316 61E0      		ldi r22,lo8(1)
 697 0318 00D0      		rcall servo_move
 698               	.LM109:
 699 031a 83E0      		ldi r24,lo8(3)
 700 031c 61E0      		ldi r22,lo8(1)
 701               	.L46:
 702 031e 00D0      		rcall servo_move
 703               	.L34:
 704               	.LM110:
 705 0320 6091 0000 		lds r22,motor_pos
 706 0324 7091 0000 		lds r23,motor_pos+1
 707 0328 80E0      		ldi r24,lo8(0)
 708 032a 90E0      		ldi r25,hi8(0)
 709 032c 00D0      		rcall __floatunsisf
 710 032e 2DEC      		ldi r18,lo8(0x3dcccccd)
 711 0330 3CEC      		ldi r19,hi8(0x3dcccccd)
 712 0332 4CEC      		ldi r20,hlo8(0x3dcccccd)
 713 0334 5DE3      		ldi r21,hhi8(0x3dcccccd)
 714 0336 00D0      		rcall __mulsf3
 715 0338 00D0      		rcall __fixunssfsi
 716 033a 6093 0000 		sts drive_state,r22
 717               	.LM111:
 718 033e 8091 0000 		lds r24,servo_pos_raw+2
 719 0342 9091 0000 		lds r25,servo_pos_raw+2+1
 720 0346 8E51      		subi r24,lo8(-(-5150))
 721 0348 9441      		sbci r25,hi8(-(-5150))
 722 034a BE01      		movw r22,r28
 723 034c 00D0      		rcall __udivmodhi4
 724 034e 6093 0000 		sts drive_state+1,r22
 725               	.LM112:
 726 0352 8091 0000 		lds r24,motor_pos+2
 727 0356 9091 0000 		lds r25,motor_pos+2+1
 728 035a B801      		movw r22,r16
 729 035c 00D0      		rcall __udivmodhi4
 730 035e 6093 0000 		sts drive_state+2,r22
 731               	.LM113:
 732 0362 8091 0000 		lds r24,servo_pos_raw+4
 733 0366 9091 0000 		lds r25,servo_pos_raw+4+1
 734 036a 8E51      		subi r24,lo8(-(-5150))
 735 036c 9441      		sbci r25,hi8(-(-5150))
 736 036e BE01      		movw r22,r28
 737 0370 00D0      		rcall __udivmodhi4
 738 0372 6093 0000 		sts drive_state+3,r22
 739               	.LM114:
 740 0376 369A      		sbi 38-32,6
 741               	.LM115:
 742 0378 8091 0000 		lds r24,servo_speed
 743 037c 8C39      		cpi r24,lo8(-100)
 744 037e 00F0      		brlo .L35
 745               	.LM116:
 746 0380 C092 0000 		sts motor_speed,r12
 747 0384 00C0      		rjmp .L36
 748               	.L35:
 749               	.LM117:
 750 0386 8091 0000 		lds r24,servo_speed
 751 038a 8F30      		cpi r24,lo8(15)
 752 038c 00F4      		brsh .L37
 753               	.LM118:
 754 038e D092 0000 		sts motor_speed,r13
 755 0392 00C0      		rjmp .L36
 756               	.L37:
 757               	.LM119:
 758 0394 8091 0000 		lds r24,servo_speed
 759 0398 8093 0000 		sts motor_speed,r24
 760               	.L36:
 761               	.LM120:
 762 039c 8091 0000 		lds r24,servo_speed
 763 03a0 8536      		cpi r24,lo8(101)
 764 03a2 00F0      		brlo .L38
 765               	.LM121:
 766 03a4 E092 0000 		sts motor_speed+1,r14
 767 03a8 00C0      		rjmp .L39
 768               	.L38:
 769               	.LM122:
 770 03aa 8091 0000 		lds r24,servo_speed
 771 03ae 8F30      		cpi r24,lo8(15)
 772 03b0 00F4      		brsh .L40
 773               	.LM123:
 774 03b2 F092 0000 		sts motor_speed+1,r15
 775 03b6 00C0      		rjmp .L39
 776               	.L40:
 777               	.LM124:
 778 03b8 8091 0000 		lds r24,servo_speed
 779 03bc 8093 0000 		sts motor_speed+1,r24
 780               	.L39:
 781               	.LM125:
 782 03c0 1092 0000 		sts btn_get_flag,__zero_reg__
 783 03c4 00C0      		rjmp .L44
 784               	.LFE14:
 786               	.global	servo_to_deg
 788               	servo_to_deg:
 789               	.LFB17:
 790               	.LM126:
 791               	.LVL12:
 792               	/* prologue: function */
 793               	/* frame size = 0 */
 794               	/* stack size = 0 */
 795               	.L__stack_usage = 0
 796               	.LM127:
 797 03c6 693C      		cpi r22,lo8(-55)
 798 03c8 00F4      		brsh .L47
 799               	.LM128:
 800 03ca E82F      		mov r30,r24
 801 03cc F0E0      		ldi r31,lo8(0)
 802 03ce 85E4      		ldi r24,lo8(69)
 803               	.LVL13:
 804 03d0 689F      		mul r22,r24
 805 03d2 B001      		movw r22,r0
 806 03d4 1124      		clr r1
 807               	.LVL14:
 808 03d6 605B      		subi r22,lo8(-(5200))
 809 03d8 7B4E      		sbci r23,hi8(-(5200))
 810 03da EE0F      		lsl r30
 811 03dc FF1F      		rol r31
 812               	.LVL15:
 813 03de E050      		subi r30,lo8(-(servo_pos_raw))
 814 03e0 F040      		sbci r31,hi8(-(servo_pos_raw))
 815 03e2 7183      		std Z+1,r23
 816 03e4 6083      		st Z,r22
 817               	.L47:
 818 03e6 0895      		ret
 819               	.LFE17:
 821               	.global	servo_to_raw
 823               	servo_to_raw:
 824               	.LFB18:
 825               	.LM129:
 826               	.LVL16:
 827               	/* prologue: function */
 828               	/* frame size = 0 */
 829               	/* stack size = 0 */
 830               	.L__stack_usage = 0
 831               	.LM130:
 832 03e8 E82F      		mov r30,r24
 833 03ea F0E0      		ldi r31,lo8(0)
 834 03ec 605B      		subi r22,lo8(-(5200))
 835 03ee 7B4E      		sbci r23,hi8(-(5200))
 836               	.LVL17:
 837 03f0 EE0F      		lsl r30
 838 03f2 FF1F      		rol r31
 839 03f4 E050      		subi r30,lo8(-(servo_pos_raw))
 840 03f6 F040      		sbci r31,hi8(-(servo_pos_raw))
 841 03f8 7183      		std Z+1,r23
 842 03fa 6083      		st Z,r22
 843               	/* epilogue start */
 844               	.LM131:
 845 03fc 0895      		ret
 846               	.LFE18:
 848               	.global	motor_make_step
 850               	motor_make_step:
 851               	.LFB19:
 852               	.LM132:
 853               	.LVL18:
 854               	/* prologue: function */
 855               	/* frame size = 0 */
 856               	/* stack size = 0 */
 857               	.L__stack_usage = 0
 858               	.LM133:
 859 03fe 6930      		cpi r22,lo8(9)
 860 0400 00F4      		brsh .L72
 861               	.LM134:
 862 0402 6623      		tst r22
 863 0404 01F0      		breq .L73
 864 0406 00C0      		rjmp .L51
 865               	.L72:
 866               	.LM135:
 867 0408 61E0      		ldi r22,lo8(1)
 868               	.LVL19:
 869 040a 00C0      		rjmp .L51
 870               	.LVL20:
 871               	.L73:
 872               	.LM136:
 873 040c 68E0      		ldi r22,lo8(8)
 874               	.LVL21:
 875               	.L51:
 876               	.LM137:
 877 040e 8823      		tst r24
 878 0410 01F4      		brne .L52
 879               	.LM138:
 880 0412 6530      		cpi r22,lo8(5)
 881 0414 01F0      		breq .L57
 882 0416 6630      		cpi r22,lo8(6)
 883 0418 00F4      		brsh .L61
 884 041a 6330      		cpi r22,lo8(3)
 885 041c 01F0      		breq .L55
 886 041e 6430      		cpi r22,lo8(4)
 887 0420 00F4      		brsh .L56
 888 0422 6230      		cpi r22,lo8(2)
 889 0424 01F4      		brne .L53
 890 0426 00C0      		rjmp .L77
 891               	.L61:
 892 0428 6730      		cpi r22,lo8(7)
 893 042a 01F0      		breq .L59
 894 042c 6730      		cpi r22,lo8(7)
 895 042e 00F0      		brlo .L58
 896 0430 6830      		cpi r22,lo8(8)
 897 0432 01F0      		breq .L60
 898               	.L53:
 899               	.LM139:
 900 0434 92B3      		in r25,50-32
 901 0436 9063      		ori r25,lo8(48)
 902 0438 92BB      		out 50-32,r25
 903 043a 92B3      		in r25,50-32
 904 043c 9F73      		andi r25,lo8(63)
 905 043e 00C0      		rjmp .L76
 906               	.L77:
 907               	.LM140:
 908 0440 959A      		sbi 50-32,5
 909 0442 92B3      		in r25,50-32
 910 0444 9F72      		andi r25,lo8(47)
 911               	.L76:
 912 0446 92BB      		out 50-32,r25
 913               	.LM141:
 914 0448 00C0      		rjmp .L62
 915               	.L55:
 916               	.LM142:
 917 044a 92B3      		in r25,50-32
 918 044c 9066      		ori r25,lo8(96)
 919 044e 92BB      		out 50-32,r25
 920 0450 92B3      		in r25,50-32
 921 0452 9F76      		andi r25,lo8(111)
 922 0454 00C0      		rjmp .L76
 923               	.L56:
 924               	.LM143:
 925 0456 969A      		sbi 50-32,6
 926 0458 92B3      		in r25,50-32
 927 045a 9F74      		andi r25,lo8(79)
 928 045c 00C0      		rjmp .L76
 929               	.L57:
 930               	.LM144:
 931 045e 92B3      		in r25,50-32
 932 0460 906C      		ori r25,lo8(-64)
 933 0462 92BB      		out 50-32,r25
 934 0464 92B3      		in r25,50-32
 935 0466 9F7C      		andi r25,lo8(-49)
 936 0468 00C0      		rjmp .L76
 937               	.L58:
 938               	.LM145:
 939 046a 979A      		sbi 50-32,7
 940 046c 92B3      		in r25,50-32
 941 046e 9F78      		andi r25,lo8(-113)
 942 0470 00C0      		rjmp .L76
 943               	.L59:
 944               	.LM146:
 945 0472 92B3      		in r25,50-32
 946 0474 9069      		ori r25,lo8(-112)
 947 0476 92BB      		out 50-32,r25
 948 0478 92B3      		in r25,50-32
 949 047a 9F79      		andi r25,lo8(-97)
 950 047c 00C0      		rjmp .L76
 951               	.L60:
 952               	.LM147:
 953 047e 949A      		sbi 50-32,4
 954 0480 92B3      		in r25,50-32
 955 0482 9F71      		andi r25,lo8(31)
 956 0484 00C0      		rjmp .L76
 957               	.L52:
 958               	.LM148:
 959 0486 8130      		cpi r24,lo8(1)
 960 0488 01F4      		brne .L62
 961               	.LM149:
 962 048a 6530      		cpi r22,lo8(5)
 963 048c 01F0      		breq .L67
 964 048e 6630      		cpi r22,lo8(6)
 965 0490 00F4      		brsh .L71
 966 0492 6330      		cpi r22,lo8(3)
 967 0494 01F0      		breq .L65
 968 0496 6430      		cpi r22,lo8(4)
 969 0498 00F4      		brsh .L66
 970 049a 6230      		cpi r22,lo8(2)
 971 049c 01F4      		brne .L63
 972 049e 00C0      		rjmp .L78
 973               	.L71:
 974 04a0 6730      		cpi r22,lo8(7)
 975 04a2 01F0      		breq .L69
 976 04a4 6730      		cpi r22,lo8(7)
 977 04a6 00F0      		brlo .L68
 978 04a8 6830      		cpi r22,lo8(8)
 979 04aa 01F0      		breq .L70
 980               	.L63:
 981               	.LM150:
 982 04ac 95B3      		in r25,53-32
 983 04ae 9C60      		ori r25,lo8(12)
 984 04b0 95BB      		out 53-32,r25
 985 04b2 95B3      		in r25,53-32
 986 04b4 9F7C      		andi r25,lo8(-49)
 987 04b6 00C0      		rjmp .L75
 988               	.L78:
 989               	.LM151:
 990 04b8 AB9A      		sbi 53-32,3
 991 04ba 95B3      		in r25,53-32
 992 04bc 9B7C      		andi r25,lo8(-53)
 993 04be 00C0      		rjmp .L75
 994               	.L65:
 995               	.LM152:
 996 04c0 95B3      		in r25,53-32
 997 04c2 9861      		ori r25,lo8(24)
 998 04c4 95BB      		out 53-32,r25
 999 04c6 95B3      		in r25,53-32
 1000 04c8 9B7D      		andi r25,lo8(-37)
 1001 04ca 00C0      		rjmp .L75
 1002               	.L66:
 1003               	.LM153:
 1004 04cc AC9A      		sbi 53-32,4
 1005 04ce 95B3      		in r25,53-32
 1006 04d0 937D      		andi r25,lo8(-45)
 1007 04d2 00C0      		rjmp .L75
 1008               	.L67:
 1009               	.LM154:
 1010 04d4 95B3      		in r25,53-32
 1011 04d6 9063      		ori r25,lo8(48)
 1012 04d8 95BB      		out 53-32,r25
 1013 04da 95B3      		in r25,53-32
 1014 04dc 937F      		andi r25,lo8(-13)
 1015 04de 00C0      		rjmp .L75
 1016               	.L68:
 1017               	.LM155:
 1018 04e0 AD9A      		sbi 53-32,5
 1019 04e2 95B3      		in r25,53-32
 1020 04e4 937E      		andi r25,lo8(-29)
 1021 04e6 00C0      		rjmp .L75
 1022               	.L69:
 1023               	.LM156:
 1024 04e8 95B3      		in r25,53-32
 1025 04ea 9462      		ori r25,lo8(36)
 1026 04ec 95BB      		out 53-32,r25
 1027 04ee 95B3      		in r25,53-32
 1028 04f0 977E      		andi r25,lo8(-25)
 1029 04f2 00C0      		rjmp .L75
 1030               	.L70:
 1031               	.LM157:
 1032 04f4 AA9A      		sbi 53-32,2
 1033 04f6 95B3      		in r25,53-32
 1034 04f8 977C      		andi r25,lo8(-57)
 1035               	.L75:
 1036 04fa 95BB      		out 53-32,r25
 1037               	.L62:
 1038               	.LM158:
 1039 04fc E82F      		mov r30,r24
 1040 04fe F0E0      		ldi r31,lo8(0)
 1041 0500 E050      		subi r30,lo8(-(motor_current_step))
 1042 0502 F040      		sbci r31,hi8(-(motor_current_step))
 1043 0504 6083      		st Z,r22
 1044               	/* epilogue start */
 1045               	.LM159:
 1046 0506 0895      		ret
 1047               	.LFE19:
 1049               	.global	motor_move
 1051               	motor_move:
 1052               	.LFB20:
 1053               	.LM160:
 1054               	.LVL22:
 1055 0508 0F93      		push r16
 1056 050a 1F93      		push r17
 1057               	/* prologue: function */
 1058               	/* frame size = 0 */
 1059               	/* stack size = 2 */
 1060               	.L__stack_usage = 2
 1061 050c 082F      		mov r16,r24
 1062 050e 162F      		mov r17,r22
 1063 0510 282F      		mov r18,r24
 1064 0512 30E0      		ldi r19,lo8(0)
 1065               	.LM161:
 1066 0514 6130      		cpi r22,lo8(1)
 1067 0516 01F4      		brne .L80
 1068               	.LVL23:
 1069               	.LM162:
 1070 0518 2050      		subi r18,lo8(-(motor_current_step))
 1071 051a 3040      		sbci r19,hi8(-(motor_current_step))
 1072 051c F901      		movw r30,r18
 1073 051e 6081      		ld r22,Z
 1074 0520 6F5F      		subi r22,lo8(-(1))
 1075 0522 00C0      		rjmp .L81
 1076               	.L80:
 1077               	.LM163:
 1078 0524 2050      		subi r18,lo8(-(motor_current_step))
 1079 0526 3040      		sbci r19,hi8(-(motor_current_step))
 1080 0528 F901      		movw r30,r18
 1081 052a 6081      		ld r22,Z
 1082 052c 6150      		subi r22,lo8(-(-1))
 1083               	.L81:
 1084               	.LVL24:
 1085               	.LM164:
 1086 052e 802F      		mov r24,r16
 1087 0530 00D0      		rcall motor_make_step
 1088               	.LVL25:
 1089               	.LM165:
 1090 0532 0023      		tst r16
 1091 0534 01F4      		brne .L82
 1092               	.LM166:
 1093 0536 1123      		tst r17
 1094 0538 01F4      		brne .L83
 1095               	.LM167:
 1096 053a 8091 0000 		lds r24,motor_pos
 1097 053e 9091 0000 		lds r25,motor_pos+1
 1098 0542 0097      		sbiw r24,0
 1099 0544 01F4      		brne .L84
 1100               	.LM168:
 1101 0546 80E9      		ldi r24,lo8(400)
 1102 0548 91E0      		ldi r25,hi8(400)
 1103 054a 00C0      		rjmp .L87
 1104               	.L83:
 1105               	.LM169:
 1106 054c 1130      		cpi r17,lo8(1)
 1107 054e 01F4      		brne .L84
 1108               	.LM170:
 1109 0550 8091 0000 		lds r24,motor_pos
 1110 0554 9091 0000 		lds r25,motor_pos+1
 1111 0558 F1E0      		ldi r31,hi8(400)
 1112 055a 8039      		cpi r24,lo8(400)
 1113 055c 9F07      		cpc r25,r31
 1114 055e 01F4      		brne .L86
 1115               	.LM171:
 1116 0560 1092 0000 		sts motor_pos+1,__zero_reg__
 1117 0564 1092 0000 		sts motor_pos,__zero_reg__
 1118 0568 00C0      		rjmp .L79
 1119               	.L86:
 1120               	.LM172:
 1121 056a 8091 0000 		lds r24,motor_pos
 1122 056e 9091 0000 		lds r25,motor_pos+1
 1123 0572 0196      		adiw r24,1
 1124 0574 00C0      		rjmp .L87
 1125               	.L84:
 1126               	.LM173:
 1127 0576 8091 0000 		lds r24,motor_pos
 1128 057a 9091 0000 		lds r25,motor_pos+1
 1129 057e 0197      		sbiw r24,1
 1130               	.L87:
 1131               	.LM174:
 1132 0580 9093 0000 		sts motor_pos+1,r25
 1133 0584 8093 0000 		sts motor_pos,r24
 1134 0588 00C0      		rjmp .L79
 1135               	.L82:
 1136               	.LM175:
 1137 058a 0130      		cpi r16,lo8(1)
 1138 058c 01F4      		brne .L79
 1139               	.LM176:
 1140 058e 1123      		tst r17
 1141 0590 01F4      		brne .L88
 1142               	.LM177:
 1143 0592 8091 0000 		lds r24,motor_pos+2
 1144 0596 9091 0000 		lds r25,motor_pos+2+1
 1145 059a 0197      		sbiw r24,1
 1146 059c 00C0      		rjmp .L89
 1147               	.L88:
 1148               	.LM178:
 1149 059e 1130      		cpi r17,lo8(1)
 1150 05a0 01F4      		brne .L79
 1151               	.LM179:
 1152 05a2 8091 0000 		lds r24,motor_pos+2
 1153 05a6 9091 0000 		lds r25,motor_pos+2+1
 1154 05aa 0196      		adiw r24,1
 1155               	.L89:
 1156 05ac 9093 0000 		sts motor_pos+2+1,r25
 1157 05b0 8093 0000 		sts motor_pos+2,r24
 1158               	.L79:
 1159               	/* epilogue start */
 1160               	.LM180:
 1161 05b4 1F91      		pop r17
 1162               	.LVL26:
 1163 05b6 0F91      		pop r16
 1164               	.LVL27:
 1165 05b8 0895      		ret
 1166               	.LFE20:
 1168               	.global	__vector_9
 1170               	__vector_9:
 1171               	.LFB12:
 1172               	.LM181:
 1173 05ba 1F92      		push __zero_reg__
 1174 05bc 0F92      		push r0
 1175 05be 0FB6      		in r0,__SREG__
 1176 05c0 0F92      		push r0
 1177 05c2 1124      		clr __zero_reg__
 1178 05c4 2F93      		push r18
 1179 05c6 3F93      		push r19
 1180 05c8 4F93      		push r20
 1181 05ca 5F93      		push r21
 1182 05cc 6F93      		push r22
 1183 05ce 7F93      		push r23
 1184 05d0 8F93      		push r24
 1185 05d2 9F93      		push r25
 1186 05d4 AF93      		push r26
 1187 05d6 BF93      		push r27
 1188 05d8 EF93      		push r30
 1189 05da FF93      		push r31
 1190               	/* prologue: Signal */
 1191               	/* frame size = 0 */
 1192               	/* stack size = 15 */
 1193               	.L__stack_usage = 15
 1194               	.LM182:
 1195 05dc 2091 0000 		lds r18,stepper_flag
 1196 05e0 4091 0000 		lds r20,motor_speed
 1197 05e4 30E0      		ldi r19,lo8(0)
 1198 05e6 8FEF      		ldi r24,lo8(255)
 1199 05e8 90E0      		ldi r25,hi8(255)
 1200 05ea 841B      		sub r24,r20
 1201 05ec 9109      		sbc r25,__zero_reg__
 1202 05ee 8217      		cp r24,r18
 1203 05f0 9307      		cpc r25,r19
 1204 05f2 04F4      		brge .L91
 1205               	.LM183:
 1206 05f4 1092 0000 		sts stepper_flag,__zero_reg__
 1207 05f8 00C0      		rjmp .L92
 1208               	.L91:
 1209               	.LM184:
 1210 05fa 8091 0000 		lds r24,stepper_flag
 1211 05fe 8F5F      		subi r24,lo8(-(1))
 1212 0600 8093 0000 		sts stepper_flag,r24
 1213               	.L92:
 1214               	.LM185:
 1215 0604 2091 0000 		lds r18,stepper_flag+1
 1216 0608 4091 0000 		lds r20,motor_speed+1
 1217 060c 30E0      		ldi r19,lo8(0)
 1218 060e 8FEF      		ldi r24,lo8(255)
 1219 0610 90E0      		ldi r25,hi8(255)
 1220 0612 841B      		sub r24,r20
 1221 0614 9109      		sbc r25,__zero_reg__
 1222 0616 8217      		cp r24,r18
 1223 0618 9307      		cpc r25,r19
 1224 061a 04F4      		brge .L93
 1225               	.LM186:
 1226 061c 1092 0000 		sts stepper_flag+1,__zero_reg__
 1227 0620 00C0      		rjmp .L94
 1228               	.L93:
 1229               	.LM187:
 1230 0622 8091 0000 		lds r24,stepper_flag+1
 1231 0626 8F5F      		subi r24,lo8(-(1))
 1232 0628 8093 0000 		sts stepper_flag+1,r24
 1233               	.L94:
 1234               	.LM188:
 1235 062c 8091 0000 		lds r24,stepper_flag
 1236 0630 8823      		tst r24
 1237 0632 01F4      		brne .L95
 1238               	.LM189:
 1239 0634 8091 0000 		lds r24,btn_state
 1240 0638 8130      		cpi r24,lo8(1)
 1241 063a 01F4      		brne .L96
 1242               	.LM190:
 1243 063c 80E0      		ldi r24,lo8(0)
 1244 063e 60E0      		ldi r22,lo8(0)
 1245 0640 00C0      		rjmp .L99
 1246               	.L96:
 1247               	.LM191:
 1248 0642 8091 0000 		lds r24,btn_state
 1249 0646 8230      		cpi r24,lo8(2)
 1250 0648 01F4      		brne .L95
 1251               	.LM192:
 1252 064a 80E0      		ldi r24,lo8(0)
 1253 064c 61E0      		ldi r22,lo8(1)
 1254               	.L99:
 1255 064e 00D0      		rcall motor_move
 1256               	.L95:
 1257               	.LM193:
 1258 0650 8091 0000 		lds r24,stepper_flag+1
 1259 0654 8823      		tst r24
 1260 0656 01F4      		brne .L90
 1261               	.LM194:
 1262 0658 8091 0000 		lds r24,btn_state+3
 1263 065c 8130      		cpi r24,lo8(1)
 1264 065e 01F4      		brne .L98
 1265               	.LM195:
 1266 0660 8091 0000 		lds r24,motor_pos+2
 1267 0664 9091 0000 		lds r25,motor_pos+2+1
 1268 0668 8230      		cpi r24,2
 1269 066a 9105      		cpc r25,__zero_reg__
 1270 066c 00F0      		brlo .L90
 1271               	.LM196:
 1272 066e 81E0      		ldi r24,lo8(1)
 1273 0670 60E0      		ldi r22,lo8(0)
 1274 0672 00C0      		rjmp .L100
 1275               	.L98:
 1276               	.LM197:
 1277 0674 8091 0000 		lds r24,btn_state+3
 1278 0678 8230      		cpi r24,lo8(2)
 1279 067a 01F4      		brne .L90
 1280               	.LM198:
 1281 067c 8091 0000 		lds r24,motor_pos+2
 1282 0680 9091 0000 		lds r25,motor_pos+2+1
 1283 0684 2CE9      		ldi r18,hi8(-25536)
 1284 0686 8034      		cpi r24,lo8(-25536)
 1285 0688 9207      		cpc r25,r18
 1286 068a 00F4      		brsh .L90
 1287               	.LM199:
 1288 068c 81E0      		ldi r24,lo8(1)
 1289 068e 61E0      		ldi r22,lo8(1)
 1290               	.L100:
 1291 0690 00D0      		rcall motor_move
 1292               	.L90:
 1293               	/* epilogue start */
 1294               	.LM200:
 1295 0692 FF91      		pop r31
 1296 0694 EF91      		pop r30
 1297 0696 BF91      		pop r27
 1298 0698 AF91      		pop r26
 1299 069a 9F91      		pop r25
 1300 069c 8F91      		pop r24
 1301 069e 7F91      		pop r23
 1302 06a0 6F91      		pop r22
 1303 06a2 5F91      		pop r21
 1304 06a4 4F91      		pop r20
 1305 06a6 3F91      		pop r19
 1306 06a8 2F91      		pop r18
 1307 06aa 0F90      		pop r0
 1308 06ac 0FBE      		out __SREG__,r0
 1309 06ae 0F90      		pop r0
 1310 06b0 1F90      		pop __zero_reg__
 1311 06b2 1895      		reti
 1312               	.LFE12:
 1314               	.global	servo_pos_raw
 1315               		.data
 1318               	servo_pos_raw:
 1319 0000 442F      		.word	12100
 1320 0002 442F      		.word	12100
 1321 0004 442F      		.word	12100
 1322 0006 442F      		.word	12100
 1323               	.global	servo_speed
 1324               	.global	servo_speed
 1325               		.section .bss
 1328               	servo_speed:
 1329 0000 00        		.skip 1,0
 1330               	.global	current_servo
 1331               	.global	current_servo
 1334               	current_servo:
 1335 0001 00        		.skip 1,0
 1336               	.global	motor_current_step
 1337               		.data
 1340               	motor_current_step:
 1341 0008 01        		.byte	1
 1342 0009 01        		.byte	1
 1343               	.global	motor_pos
 1346               	motor_pos:
 1347 000a 0000      		.word	0
 1348 000c 0500      		.word	5
 1349               	.global	motor_speed
 1352               	motor_speed:
 1353 000e 64        		.byte	100
 1354 000f 64        		.byte	100
 1355               	.global	drive_state
 1356               	.global	drive_state
 1357               		.section .bss
 1360               	drive_state:
 1361 0002 0000 0000 		.skip 6,0
 1361      0000 
 1362               	.global	btn_state
 1363               	.global	btn_state
 1366               	btn_state:
 1367 0008 0000 0000 		.skip 6,0
 1367      0000 
 1368               	.global	j
 1369               	.global	j
 1372               	j:
 1373 000e 00        		.skip 1,0
 1374               	.global	btn_get_flag
 1375               	.global	btn_get_flag
 1378               	btn_get_flag:
 1379 000f 00        		.skip 1,0
 1380               	.global	stepper_flag
 1381               	.global	stepper_flag
 1384               	stepper_flag:
 1385 0010 0000      		.skip 2,0
 1570               	.Letext0:
DEFINED SYMBOLS
                            *ABS*:00000000 atmega_slave.c
C:\Users\cadavre\AppData\Local\Temp\ccEvdhiq.s:2      *ABS*:0000003f __SREG__
C:\Users\cadavre\AppData\Local\Temp\ccEvdhiq.s:3      *ABS*:0000003e __SP_H__
C:\Users\cadavre\AppData\Local\Temp\ccEvdhiq.s:4      *ABS*:0000003d __SP_L__
C:\Users\cadavre\AppData\Local\Temp\ccEvdhiq.s:5      *ABS*:00000034 __CCP__
C:\Users\cadavre\AppData\Local\Temp\ccEvdhiq.s:6      *ABS*:00000000 __tmp_reg__
C:\Users\cadavre\AppData\Local\Temp\ccEvdhiq.s:7      *ABS*:00000001 __zero_reg__
C:\Users\cadavre\AppData\Local\Temp\ccEvdhiq.s:18     .text:00000000 servo_ports_init
C:\Users\cadavre\AppData\Local\Temp\ccEvdhiq.s:40     .text:0000000e motor_ports_init
C:\Users\cadavre\AppData\Local\Temp\ccEvdhiq.s:84     .text:00000040 ADC_init
C:\Users\cadavre\AppData\Local\Temp\ccEvdhiq.s:112    .text:00000054 SPI_init
C:\Users\cadavre\AppData\Local\Temp\ccEvdhiq.s:132    .text:0000005e Timer2_init
C:\Users\cadavre\AppData\Local\Temp\ccEvdhiq.s:161    .text:00000076 Timer1_init
C:\Users\cadavre\AppData\Local\Temp\ccEvdhiq.s:183    .text:00000084 Timer0_init
C:\Users\cadavre\AppData\Local\Temp\ccEvdhiq.s:205    .text:00000092 Timer1_start
C:\Users\cadavre\AppData\Local\Temp\ccEvdhiq.s:1334   .bss:00000001 current_servo
C:\Users\cadavre\AppData\Local\Temp\ccEvdhiq.s:1318   .data:00000000 servo_pos_raw
C:\Users\cadavre\AppData\Local\Temp\ccEvdhiq.s:234    .text:000000b0 Timer1_stop
C:\Users\cadavre\AppData\Local\Temp\ccEvdhiq.s:269    .text:000000da __vector_10
C:\Users\cadavre\AppData\Local\Temp\ccEvdhiq.s:1372   .bss:0000000e j
C:\Users\cadavre\AppData\Local\Temp\ccEvdhiq.s:1366   .bss:00000008 btn_state
C:\Users\cadavre\AppData\Local\Temp\ccEvdhiq.s:1360   .bss:00000002 drive_state
C:\Users\cadavre\AppData\Local\Temp\ccEvdhiq.s:325    .text:0000012e __vector_14
C:\Users\cadavre\AppData\Local\Temp\ccEvdhiq.s:1328   .bss:00000000 servo_speed
C:\Users\cadavre\AppData\Local\Temp\ccEvdhiq.s:355    .text:00000154 toggle_servo_signal
C:\Users\cadavre\AppData\Local\Temp\ccEvdhiq.s:411    .text:00000186 __vector_6
C:\Users\cadavre\AppData\Local\Temp\ccEvdhiq.s:463    .text:000001d2 __vector_3
C:\Users\cadavre\AppData\Local\Temp\ccEvdhiq.s:1378   .bss:0000000f btn_get_flag
C:\Users\cadavre\AppData\Local\Temp\ccEvdhiq.s:519    .text:00000228 servo_move
C:\Users\cadavre\AppData\Local\Temp\ccEvdhiq.s:593    .text:00000292 main
C:\Users\cadavre\AppData\Local\Temp\ccEvdhiq.s:1346   .data:0000000a motor_pos
C:\Users\cadavre\AppData\Local\Temp\ccEvdhiq.s:1352   .data:0000000e motor_speed
C:\Users\cadavre\AppData\Local\Temp\ccEvdhiq.s:788    .text:000003c6 servo_to_deg
C:\Users\cadavre\AppData\Local\Temp\ccEvdhiq.s:823    .text:000003e8 servo_to_raw
C:\Users\cadavre\AppData\Local\Temp\ccEvdhiq.s:850    .text:000003fe motor_make_step
C:\Users\cadavre\AppData\Local\Temp\ccEvdhiq.s:1340   .data:00000008 motor_current_step
C:\Users\cadavre\AppData\Local\Temp\ccEvdhiq.s:1051   .text:00000508 motor_move
C:\Users\cadavre\AppData\Local\Temp\ccEvdhiq.s:1170   .text:000005ba __vector_9
C:\Users\cadavre\AppData\Local\Temp\ccEvdhiq.s:1384   .bss:00000010 stepper_flag

UNDEFINED SYMBOLS
__floatunsisf
__mulsf3
__fixunssfsi
__udivmodhi4
__do_copy_data
__do_clear_bss
